[web/index.html]
[external.html]
[backblue.gif]
[fade.gif]
[web/css/theme51df.css]
[index.html]
[web/gif/ajax-loader2ab5.gif]
[web/js/lazysizes12ca.js]
[web/js/ie11customproperties.mincc9a.js]
[web/other/post]
[web/js/theme2657.js]
[web/js/index.js]
[web/js/load_feature-d8a6f1446d67009c524ed4e68648800ba9082eb75548ee28e1050331cbe7ba28.js]
[web/js/features-87e8399988880142f2c62771b9d8f2ff6c290b3ff745dd426eb0dfe0db9d1dae.js]
[web/png/black_and_white_square_abstract_logo_9952605a-f396-443e-abc6-7c76b2806e67_300x30064da.png]
[web/cart.html]
[web/png/black_and_white_square_abstract_logo_9952605a-f396-443e-abc6-7c76b2806e67_180x64da.png]
[web/all.html]
[web/about-us.html]
[web/contact-us.html]
[web/jpg/david-henrichs-72ayeebjpz4-unsplash_2048xc41a.jpg]
[web/jpg/jonathan-lampel-l9wregjjrdo-unsplash_{width}xac79.jpg]
[web/login.html]
[web/jpg/jonathan-lampel-l9wregjjrdo-unsplash_600x600@2xac79.jpg]
[web/jpg/karl-greif-h5ixih254au-unsplash_300x300ff37.jpg]
[web/jpg/karl-greif-h5ixih254au-unsplash_2048xff37.jpg]
[web/jpg/dose-media-aspomqvp1ci-unsplash_300x3004a42.jpg]
[web/jpg/dose-media-aspomqvp1ci-unsplash_2048x4a42.jpg]
[web/search.html]
[web/terms-of-services.html]
[web/privacy-policy.html]
[web/return-policy.html]
[web/terms-of-service.html]
[web/index.html]
[web/css/theme51df.css]
[web/cart.html]
[web/refund-policy.html]
[web/atom/all.atom]
[web/other/post]
[web/delayed/product-image-1686652531_{width}x.21137b.delayed]
[web/jpg/product-image-1686652531_345x345@2x137b.jpg]
[web/2021-new-drone-4k-1080p-hd-camera-wifi-fpv-air-pressure-altitude-keep-black-and-gray-folding-quadcopter-professional-rc-dron-toy.html]
[web/jpg/product-image-1704560273_{width}x7450.jpg]
[web/jpg/product-image-1704560273_345x345@2x7450.jpg]
[web/2021new-s68-pro-drone-4k-hd-wide-angle-camera-wifi-fpv-drone-height-keeping-with-camera-mini-drone-video-live-rc-quadcopter.html]
[web/delayed/product-image-1628311460_{width}x.29adfd.delayed]
[web/deepaowill-drone-4k-hd-dual-camera-visual-positioning-1080p-wifi-fpv-drone-height-preservation-rc-quadcopter-s62-pro-drones-toys.html]
[web/jpg/product-image-1628311460_345x345@2xadfd.jpg]
[web/jpg/product-image-1691493998_{width}xe118.jpg]
[web/jpg/product-image-1691493998_345x345@2xe118.jpg]
[web/mini-drone-4k-professional-hd-fpv-rc-dron-quadcopter-with-no-1080p-4k-camera-ufo-drones-flying-toys-for-boys-teens-child-drone.html]
[web/jpg/product-image-1696890579_{width}x3bd1.jpg]
[web/jpg/product-image-1696890579_345x345@2x3bd1.jpg]
[web/nyr-2020-new-mini-rc-drone-xt6-4k-1080p-hd-dual-camera-wifi-fpv-air-pressure-altitude-hold-foldable-quadcopter-dron-for-boy-toys.html]
[web/jpg/product-image-1704560280_8cdefd63-c09a-4bfa-ac3d-fff804d08350_{width}xff0c.jpg]
[web/jpg/product-image-1704560280_8cdefd63-c09a-4bfa-ac3d-fff804d08350_345x345@2xff0c.jpg]
[web/all.html]
[web/2021new-s68-pro-drone-4k-hd-wide-angle-camera-wifi-fpv-drone-height-keeping-with-camera-mini-drone-video-live-rc-quadcopter-2.html]
[web/other/post]
[web/about-us.html]
[web/contact-us.html]
[web/js/shopify_common-8ea6ac3faf357236a97f5de749df4da6e8436ca107bc3a4ee805cbf08bc47392.js]
[web/other/post]
[web/login.html]
[web/css/search.css]
[web/search.html]
[web/terms-of-services.html]
[web/privacy-policy.html]
[web/return-policy.html]
[web/register.html]
[web/css/policy-3e4aa3c07a3a61780d16bc4b828d2fef9e1a20a44aae36e029a7b98e5ee5a4d0.css]
[web/other/post]
[web/terms-of-service.html]
[web/refund-policy.html]
[web/oembed/2021-new-drone-4k-1080p-hd-camera-wifi-fpv-air-pressure-altitude-keep-black-and-gray-folding-quadcopter-professional-rc-dron-toy.oembed]
[web/other/post]
[web/jpg/product-image-1686652540_{width}x0e01.jpg]
[web/jpg/product-image-1686652537_{width}x0e01.jpg]
[web/jpg/product-image-1686652538_{width}x0e01.jpg]
[web/jpg/product-image-1686652549_{width}x0e01.jpg]
[web/jpg/product-image-1686652543_{width}x0e01.jpg]
[web/jpg/product-image-1686652560_{width}x8591.jpg]
[web/jpg/product-image-1686652546_{width}x8591.jpg]
[web/jpg/product-image-1686652552_{width}x8591.jpg]
[web/jpg/product-image-1686652542_{width}x8591.jpg]
[web/jpg/product-image-1686652558_{width}xd184.jpg]
[web/jpg/product-image-1686652551_{width}xd184.jpg]
[web/jpg/product-image-1686652548_{width}xd184.jpg]
[web/jpg/product-image-1686652557_{width}x9bad.jpg]
[web/jpg/product-image-1686652541_{width}x9bad.jpg]
[web/jpg/product-image-1686652556_{width}x9bad.jpg]
[web/jpg/product-image-1686652554_{width}x9bad.jpg]
[web/jpg/product-image-1686652539_{width}x137b.jpg]
[web/jpg/product-image-1686652544_{width}xa69b.jpg]
[web/jpg/product-image-1686652553_{width}xa69b.jpg]
[web/jpg/product-image-1686652550_{width}xa69b.jpg]
[web/jpg/product-image-1686652547_{width}xf7b5.jpg]
[web/jpg/product-image-1686652545_{width}xf7b5.jpg]
[web/jpg/product-image-1686652561_{width}xf7b5.jpg]
[web/jpg/product-image-1686652555_{width}x2d04.jpg]
[web/jpg/product-image-1686652559_{width}x2d04.jpg]
[web/jpg/product-image-1686652540_530x@2x0e01.jpg]
[web/jpg/product-image-1686652531_1024x1024@2x137b.jpg]
[web/jpg/product-image-1686652531_110x110@2x137b.jpg]
[web/jpg/product-image-1686652540_1024x1024@2x0e01.jpg]
[web/jpg/product-image-1686652540_110x110@2x0e01.jpg]
[web/jpg/product-image-1686652537_1024x1024@2x0e01.jpg]
[web/jpg/product-image-1686652537_110x110@2x0e01.jpg]
[web/jpg/product-image-1686652538_1024x1024@2x0e01.jpg]
[web/jpg/product-image-1686652538_110x110@2x0e01.jpg]
[web/jpg/product-image-1686652549_1024x1024@2x0e01.jpg]
[web/jpg/product-image-1686652549_110x110@2x0e01.jpg]
[web/jpg/product-image-1686652543_1024x1024@2x0e01.jpg]
[web/jpg/product-image-1686652543_110x110@2x0e01.jpg]
[web/jpg/product-image-1686652560_1024x1024@2x8591.jpg]
[web/jpg/product-image-1686652560_110x110@2x8591.jpg]
[web/jpg/product-image-1686652546_1024x1024@2x8591.jpg]
[web/jpg/product-image-1686652546_110x110@2x8591.jpg]
[web/jpg/product-image-1686652552_1024x1024@2x8591.jpg]
[web/jpg/product-image-1686652552_110x110@2x8591.jpg]
[web/jpg/product-image-1686652542_1024x1024@2x8591.jpg]
[web/jpg/product-image-1686652542_110x110@2x8591.jpg]
[web/jpg/product-image-1686652558_1024x1024@2xd184.jpg]
[web/jpg/product-image-1686652558_110x110@2xd184.jpg]
[web/jpg/product-image-1686652551_1024x1024@2xd184.jpg]
[web/jpg/product-image-1686652551_110x110@2xd184.jpg]
[web/jpg/product-image-1686652548_1024x1024@2xd184.jpg]
[web/jpg/product-image-1686652548_110x110@2xd184.jpg]
[web/jpg/product-image-1686652557_1024x1024@2x9bad.jpg]
[web/jpg/product-image-1686652557_110x110@2x9bad.jpg]
[web/jpg/product-image-1686652541_1024x1024@2x9bad.jpg]
[web/jpg/product-image-1686652541_110x110@2x9bad.jpg]
[web/jpg/product-image-1686652556_1024x1024@2x9bad.jpg]
[web/jpg/product-image-1686652556_110x110@2x9bad.jpg]
[web/jpg/product-image-1686652554_1024x1024@2x9bad.jpg]
[web/jpg/product-image-1686652554_110x110@2x9bad.jpg]
[web/jpg/product-image-1686652539_1024x1024@2x137b.jpg]
[web/jpg/product-image-1686652539_110x110@2x137b.jpg]
[web/jpg/product-image-1686652544_1024x1024@2xa69b.jpg]
[web/jpg/product-image-1686652544_110x110@2xa69b.jpg]
[web/jpg/product-image-1686652553_1024x1024@2xa69b.jpg]
[web/jpg/product-image-1686652553_110x110@2xa69b.jpg]
[web/jpg/product-image-1686652550_1024x1024@2xa69b.jpg]
[web/jpg/product-image-1686652550_110x110@2xa69b.jpg]
[web/jpg/product-image-1686652547_1024x1024@2xf7b5.jpg]
[web/jpg/product-image-1686652547_110x110@2xf7b5.jpg]
[web/jpg/product-image-1686652545_1024x1024@2xf7b5.jpg]
[web/jpg/product-image-1686652545_110x110@2xf7b5.jpg]
[web/jpg/product-image-1686652561_1024x1024@2xf7b5.jpg]
[web/jpg/product-image-1686652561_110x110@2xf7b5.jpg]
[web/jpg/product-image-1686652555_1024x1024@2x2d04.jpg]
[web/jpg/product-image-1686652555_110x110@2x2d04.jpg]
[web/jpg/product-image-1686652559_1024x1024@2x2d04.jpg]
[web/jpg/product-image-1686652559_110x110@2x2d04.jpg]
[web/2021-new-drone-4k-1080p-hd-camera-wifi-fpv-air-pressure-altitude-keep-black-and-gray-folding-quadcopter-professional-rc-dron-toy.html]
[web/oembed/2021new-s68-pro-drone-4k-hd-wide-angle-camera-wifi-fpv-drone-height-keeping-with-camera-mini-drone-video-live-rc-quadcopter.oembed]
[web/jpg/product-image-1704560282_{width}x0b49.jpg]
[web/jpg/product-image-1704560283_{width}x0b49.jpg]
[web/jpg/product-image-1704560285_{width}x0b49.jpg]
[web/jpg/product-image-1704560281_{width}x7450.jpg]
[web/jpg/product-image-1704560279_{width}x7450.jpg]
[web/jpg/product-image-1704560286_{width}x7450.jpg]
[web/jpg/product-image-1704560287_{width}x4542.jpg]
[web/jpg/product-image-1704560284_{width}x4542.jpg]
[web/jpg/product-image-1704560280_{width}x2db3.jpg]
[web/jpg/product-image-1704560286_530x@2x7450.jpg]
[web/jpg/product-image-1704560273_1024x1024@2x7450.jpg]
[web/jpg/product-image-1704560273_110x110@2x7450.jpg]
[web/jpg/product-image-1704560282_1024x1024@2x0b49.jpg]
[web/jpg/product-image-1704560282_110x110@2x0b49.jpg]
[web/jpg/product-image-1704560283_1024x1024@2x0b49.jpg]
[web/jpg/product-image-1704560283_110x110@2x0b49.jpg]
[web/jpg/product-image-1704560285_1024x1024@2x0b49.jpg]
[web/jpg/product-image-1704560285_110x110@2x0b49.jpg]
[web/jpg/product-image-1704560281_1024x1024@2x7450.jpg]
[web/jpg/product-image-1704560281_110x110@2x7450.jpg]
[web/jpg/product-image-1704560279_1024x1024@2x7450.jpg]
[web/jpg/product-image-1704560279_110x110@2x7450.jpg]
[web/jpg/product-image-1704560286_1024x1024@2x7450.jpg]
[web/jpg/product-image-1704560286_110x110@2x7450.jpg]
[web/jpg/product-image-1704560287_1024x1024@2x4542.jpg]
[web/jpg/product-image-1704560287_110x110@2x4542.jpg]
[web/jpg/product-image-1704560284_1024x1024@2x4542.jpg]
[web/jpg/product-image-1704560284_110x110@2x4542.jpg]
[web/jpg/product-image-1704560280_1024x1024@2x2db3.jpg]
[web/jpg/product-image-1704560280_110x110@2x2db3.jpg]
[web/2021new-s68-pro-drone-4k-hd-wide-angle-camera-wifi-fpv-drone-height-keeping-with-camera-mini-drone-video-live-rc-quadcopter.html]
[web/oembed/deepaowill-drone-4k-hd-dual-camera-visual-positioning-1080p-wifi-fpv-drone-height-preservation-rc-quadcopter-s62-pro-drones-toys.oembed]
[web/jpg/product-image-1623530773_{width}x5b1b.jpg]
[web/jpg/product-image-1623530782_{width}x5b1b.jpg]
[web/jpg/product-image-1623530789_{width}x5b1b.jpg]
[web/jpg/product-image-1623530791_{width}xadfd.jpg]
[web/jpg/product-image-1623530779_{width}xadfd.jpg]
[web/jpg/product-image-1623530775_{width}x79fc.jpg]
[web/jpg/product-image-1623530778_{width}x79fc.jpg]
[web/jpg/product-image-1623530785_{width}x79fc.jpg]
[web/jpg/product-image-1623530786_{width}x79fc.jpg]
[web/jpg/product-image-1623530780_{width}x3eeb.jpg]
[web/jpg/product-image-1623530776_{width}x3eeb.jpg]
[web/jpg/product-image-1623530793_{width}x3eeb.jpg]
[web/jpg/product-image-1623530774_{width}x8565.jpg]
[web/jpg/product-image-1623530781_{width}x8565.jpg]
[web/jpg/product-image-1623530777_{width}x8565.jpg]
[web/jpg/product-image-1623530784_{width}x67bb.jpg]
[web/jpg/product-image-1623530783_{width}x67bb.jpg]
[web/jpg/product-image-1623530787_{width}x67bb.jpg]
[web/jpg/product-image-1623530792_{width}x13e0.jpg]
[web/jpg/product-image-1623530793_530x@2x3eeb.jpg]
[web/jpg/product-image-1628311460_1024x1024@2xadfd.jpg]
[web/jpg/product-image-1628311460_110x110@2xadfd.jpg]
[web/jpg/product-image-1623530773_1024x1024@2x5b1b.jpg]
[web/jpg/product-image-1623530773_110x110@2x5b1b.jpg]
[web/jpg/product-image-1623530782_1024x1024@2x5b1b.jpg]
[web/jpg/product-image-1623530782_110x110@2x5b1b.jpg]
[web/jpg/product-image-1623530789_1024x1024@2x5b1b.jpg]
[web/jpg/product-image-1623530789_110x110@2x5b1b.jpg]
[web/jpg/product-image-1623530791_1024x1024@2xadfd.jpg]
[web/jpg/product-image-1623530791_110x110@2xadfd.jpg]
[web/jpg/product-image-1623530779_1024x1024@2xadfd.jpg]
[web/jpg/product-image-1623530779_110x110@2xadfd.jpg]
[web/jpg/product-image-1623530775_1024x1024@2x79fc.jpg]
[web/jpg/product-image-1623530775_110x110@2x79fc.jpg]
[web/jpg/product-image-1623530778_1024x1024@2x79fc.jpg]
[web/jpg/product-image-1623530778_110x110@2x79fc.jpg]
[web/jpg/product-image-1623530785_1024x1024@2x79fc.jpg]
[web/jpg/product-image-1623530785_110x110@2x79fc.jpg]
[web/jpg/product-image-1623530786_1024x1024@2x79fc.jpg]
[web/jpg/product-image-1623530786_110x110@2x79fc.jpg]
[web/jpg/product-image-1623530780_1024x1024@2x3eeb.jpg]
[web/jpg/product-image-1623530780_110x110@2x3eeb.jpg]
[web/jpg/product-image-1623530776_1024x1024@2x3eeb.jpg]
[web/jpg/product-image-1623530776_110x110@2x3eeb.jpg]
[web/jpg/product-image-1623530793_1024x1024@2x3eeb.jpg]
[web/jpg/product-image-1623530793_110x110@2x3eeb.jpg]
[web/jpg/product-image-1623530774_1024x1024@2x8565.jpg]
[web/jpg/product-image-1623530774_110x110@2x8565.jpg]
[web/jpg/product-image-1623530781_1024x1024@2x8565.jpg]
[web/jpg/product-image-1623530781_110x110@2x8565.jpg]
[web/jpg/product-image-1623530777_1024x1024@2x8565.jpg]
[web/jpg/product-image-1623530777_110x110@2x8565.jpg]
[web/jpg/product-image-1623530784_1024x1024@2x67bb.jpg]
[web/jpg/product-image-1623530784_110x110@2x67bb.jpg]
[web/jpg/product-image-1623530783_1024x1024@2x67bb.jpg]
[web/jpg/product-image-1623530783_110x110@2x67bb.jpg]
[web/jpg/product-image-1623530787_1024x1024@2x67bb.jpg]
[web/jpg/product-image-1623530787_110x110@2x67bb.jpg]
[web/jpg/product-image-1623530792_1024x1024@2x13e0.jpg]
[web/jpg/product-image-1623530792_110x110@2x13e0.jpg]
[web/deepaowill-drone-4k-hd-dual-camera-visual-positioning-1080p-wifi-fpv-drone-height-preservation-rc-quadcopter-s62-pro-drones-toys.html]
[web/oembed/mini-drone-4k-professional-hd-fpv-rc-dron-quadcopter-with-no-1080p-4k-camera-ufo-drones-flying-toys-for-boys-teens-child-drone.oembed]
[web/jpg/product-image-1673309117_{width}xe118.jpg]
[web/jpg/product-image-1673309120_{width}xe118.jpg]
[web/jpg/product-image-1673309124_{width}x5f3d.jpg]
[web/jpg/product-image-1673309122_{width}x5f3d.jpg]
[web/jpg/product-image-1673309136_{width}x5f3d.jpg]
[web/jpg/product-image-1673309130_{width}x5f3d.jpg]
[web/jpg/product-image-1673309123_{width}x5f3d.jpg]
[web/jpg/product-image-1673309125_{width}x5f3d.jpg]
[web/jpg/product-image-1673309132_{width}xa9c0.jpg]
[web/jpg/product-image-1673309126_{width}xa9c0.jpg]
[web/jpg/product-image-1673309128_{width}xa9c0.jpg]
[web/jpg/product-image-1673309133_{width}xa9c0.jpg]
[web/jpg/product-image-1673309131_{width}xa9c0.jpg]
[web/jpg/product-image-1673309118_{width}xf933.jpg]
[web/jpg/product-image-1673309134_{width}xf933.jpg]
[web/jpg/product-image-1673309127_{width}xf933.jpg]
[web/jpg/product-image-1673309119_{width}xfd59.jpg]
[web/jpg/product-image-1673309135_{width}xfd59.jpg]
[web/jpg/product-image-1673309121_{width}xfd59.jpg]
[web/jpg/product-image-1673309129_{width}x11a6.jpg]
[web/jpg/product-image-1673309118_530x@2xf933.jpg]
[web/jpg/product-image-1691493998_1024x1024@2xe118.jpg]
[web/jpg/product-image-1691493998_110x110@2xe118.jpg]
[web/jpg/product-image-1673309117_1024x1024@2xe118.jpg]
[web/jpg/product-image-1673309117_110x110@2xe118.jpg]
[web/jpg/product-image-1673309120_1024x1024@2xe118.jpg]
[web/jpg/product-image-1673309120_110x110@2xe118.jpg]
[web/jpg/product-image-1673309124_1024x1024@2x5f3d.jpg]
[web/jpg/product-image-1673309124_110x110@2x5f3d.jpg]
[web/jpg/product-image-1673309122_1024x1024@2x5f3d.jpg]
[web/jpg/product-image-1673309122_110x110@2x5f3d.jpg]
[web/jpg/product-image-1673309136_1024x1024@2x5f3d.jpg]
[web/jpg/product-image-1673309136_110x110@2x5f3d.jpg]
[web/jpg/product-image-1673309130_1024x1024@2x5f3d.jpg]
[web/jpg/product-image-1673309130_110x110@2x5f3d.jpg]
[web/jpg/product-image-1673309123_1024x1024@2x5f3d.jpg]
[web/jpg/product-image-1673309123_110x110@2x5f3d.jpg]
[web/jpg/product-image-1673309125_1024x1024@2x5f3d.jpg]
[web/jpg/product-image-1673309125_110x110@2x5f3d.jpg]
[web/jpg/product-image-1673309132_1024x1024@2xa9c0.jpg]
[web/jpg/product-image-1673309132_110x110@2xa9c0.jpg]
[web/jpg/product-image-1673309126_1024x1024@2xa9c0.jpg]
[web/jpg/product-image-1673309126_110x110@2xa9c0.jpg]
[web/jpg/product-image-1673309128_1024x1024@2xa9c0.jpg]
[web/jpg/product-image-1673309128_110x110@2xa9c0.jpg]
[web/jpg/product-image-1673309133_1024x1024@2xa9c0.jpg]
[web/jpg/product-image-1673309133_110x110@2xa9c0.jpg]
[web/jpg/product-image-1673309131_1024x1024@2xa9c0.jpg]
[web/jpg/product-image-1673309131_110x110@2xa9c0.jpg]
[web/jpg/product-image-1673309118_1024x1024@2xf933.jpg]
[web/jpg/product-image-1673309118_110x110@2xf933.jpg]
[web/jpg/product-image-1673309134_1024x1024@2xf933.jpg]
[web/jpg/product-image-1673309134_110x110@2xf933.jpg]
[web/jpg/product-image-1673309127_1024x1024@2xf933.jpg]
[web/jpg/product-image-1673309127_110x110@2xf933.jpg]
[web/jpg/product-image-1673309119_1024x1024@2xfd59.jpg]
[web/jpg/product-image-1673309119_110x110@2xfd59.jpg]
[web/jpg/product-image-1673309135_1024x1024@2xfd59.jpg]
[web/jpg/product-image-1673309135_110x110@2xfd59.jpg]
[web/jpg/product-image-1673309121_1024x1024@2xfd59.jpg]
[web/jpg/product-image-1673309121_110x110@2xfd59.jpg]
[web/jpg/product-image-1673309129_1024x1024@2x11a6.jpg]
[web/jpg/product-image-1673309129_110x110@2x11a6.jpg]
[web/mini-drone-4k-professional-hd-fpv-rc-dron-quadcopter-with-no-1080p-4k-camera-ufo-drones-flying-toys-for-boys-teens-child-drone.html]
[web/oembed/nyr-2020-new-mini-rc-drone-xt6-4k-1080p-hd-dual-camera-wifi-fpv-air-pressure-altitude-hold-foldable-quadcopter-dron-for-boy-toys.oembed]
[web/jpg/product-image-1631313911_{width}x3bd1.jpg]
[web/jpg/product-image-1631313914_{width}x3bd1.jpg]
[web/jpg/product-image-1631313913_{width}x3bd1.jpg]
[web/jpg/product-image-1631313922_{width}x3bd1.jpg]
[web/jpg/product-image-1631313927_{width}x9baa.jpg]
[web/jpg/product-image-1631313919_{width}x9baa.jpg]
[web/jpg/product-image-1631313923_{width}x9baa.jpg]
[web/jpg/product-image-1631313921_{width}x8e15.jpg]
[web/jpg/product-image-1631313918_{width}x8e15.jpg]
[web/jpg/product-image-1631313924_{width}x7489.jpg]
[web/jpg/product-image-1631313917_{width}x7489.jpg]
[web/jpg/product-image-1631313929_{width}x7489.jpg]
[web/jpg/product-image-1631313928_{width}x3f5a.jpg]
[web/jpg/product-image-1631313915_{width}x3f5a.jpg]
[web/jpg/product-image-1631313912_{width}x3f5a.jpg]
[web/jpg/product-image-1631313926_{width}x6d6d.jpg]
[web/jpg/product-image-1631313925_{width}x6d6d.jpg]
[web/jpg/product-image-1631313916_{width}xb521.jpg]
[web/jpg/product-image-1631313920_{width}xb521.jpg]
[web/jpg/product-image-1631313914_530x@2x3bd1.jpg]
[web/jpg/product-image-1696890579_1024x1024@2x3bd1.jpg]
[web/jpg/product-image-1696890579_110x110@2x3bd1.jpg]
[web/jpg/product-image-1631313911_1024x1024@2x3bd1.jpg]
[web/jpg/product-image-1631313911_110x110@2x3bd1.jpg]
[web/jpg/product-image-1631313914_1024x1024@2x3bd1.jpg]
[web/jpg/product-image-1631313914_110x110@2x3bd1.jpg]
[web/jpg/product-image-1631313913_1024x1024@2x3bd1.jpg]
[web/jpg/product-image-1631313913_110x110@2x3bd1.jpg]
[web/jpg/product-image-1631313922_1024x1024@2x3bd1.jpg]
[web/jpg/product-image-1631313922_110x110@2x3bd1.jpg]
[web/jpg/product-image-1631313927_1024x1024@2x9baa.jpg]
[web/jpg/product-image-1631313927_110x110@2x9baa.jpg]
[web/jpg/product-image-1631313919_1024x1024@2x9baa.jpg]
[web/jpg/product-image-1631313919_110x110@2x9baa.jpg]
[web/jpg/product-image-1631313923_1024x1024@2x9baa.jpg]
[web/jpg/product-image-1631313923_110x110@2x9baa.jpg]
[web/jpg/product-image-1631313921_1024x1024@2x8e15.jpg]
[web/jpg/product-image-1631313921_110x110@2x8e15.jpg]
[web/jpg/product-image-1631313918_1024x1024@2x8e15.jpg]
[web/jpg/product-image-1631313918_110x110@2x8e15.jpg]
[web/jpg/product-image-1631313924_1024x1024@2x7489.jpg]
[web/jpg/product-image-1631313924_110x110@2x7489.jpg]
[web/jpg/product-image-1631313917_1024x1024@2x7489.jpg]
[web/jpg/product-image-1631313917_110x110@2x7489.jpg]
[web/jpg/product-image-1631313929_1024x1024@2x7489.jpg]
[web/jpg/product-image-1631313929_110x110@2x7489.jpg]
[web/jpg/product-image-1631313928_1024x1024@2x3f5a.jpg]
[web/jpg/product-image-1631313928_110x110@2x3f5a.jpg]
[web/jpg/product-image-1631313915_1024x1024@2x3f5a.jpg]
[web/jpg/product-image-1631313915_110x110@2x3f5a.jpg]
[web/jpg/product-image-1631313912_1024x1024@2x3f5a.jpg]
[web/jpg/product-image-1631313912_110x110@2x3f5a.jpg]
[web/jpg/product-image-1631313926_1024x1024@2x6d6d.jpg]
[web/jpg/product-image-1631313926_110x110@2x6d6d.jpg]
[web/jpg/product-image-1631313925_1024x1024@2x6d6d.jpg]
[web/jpg/product-image-1631313925_110x110@2x6d6d.jpg]
[web/jpg/product-image-1631313916_1024x1024@2xb521.jpg]
[web/jpg/product-image-1631313916_110x110@2xb521.jpg]
[web/jpg/product-image-1631313920_1024x1024@2xb521.jpg]
[web/jpg/product-image-1631313920_110x110@2xb521.jpg]
[web/nyr-2020-new-mini-rc-drone-xt6-4k-1080p-hd-dual-camera-wifi-fpv-air-pressure-altitude-hold-foldable-quadcopter-dron-for-boy-toys.html]
[web/oembed/2021new-s68-pro-drone-4k-hd-wide-angle-camera-wifi-fpv-drone-height-keeping-with-camera-mini-drone-video-live-rc-quadcopter-2.oembed]
[web/jpg/product-image-1704560280_8cdefd63-c09a-4bfa-ac3d-fff804d08350_530x@2xff0c.jpg]
[web/2021new-s68-pro-drone-4k-hd-wide-angle-camera-wifi-fpv-drone-height-keeping-with-camera-mini-drone-video-live-rc-quadcopter-2.html]
[web/register.html]
[web/css/search.css]
[web/css/policy-3e4aa3c07a3a61780d16bc4b828d2fef9e1a20a44aae36e029a7b98e5ee5a4d0.css]
[web/indexc682.html]
[web/indexe45d.html]
[web/index9406.html]
[web/index679d.html]
[web/index63d2.html]
[web/index9bfc.html]
[web/indexebaf.html]
[web/index054f.html]
[web/indexdd39.html]
[web/index5bbe.html]
[web/index9c46.html]
[web/indexfa54.html]
